09-Jan-2021 14:37:30.824 信息 [main] org.apache.catalina.startup.VersionLoggerListener.log Server.服务器版本: Apache Tomcat/8.5.61
09-Jan-2021 14:37:30.824 信息 [main] org.apache.catalina.startup.VersionLoggerListener.log 服务器构建:        Dec 3 2020 14:03:28 UTC
09-Jan-2021 14:37:30.824 信息 [main] org.apache.catalina.startup.VersionLoggerListener.log 服务器版本号:      8.5.61.0
09-Jan-2021 14:37:30.824 信息 [main] org.apache.catalina.startup.VersionLoggerListener.log 操作系统名称:      Windows 10
09-Jan-2021 14:37:30.824 信息 [main] org.apache.catalina.startup.VersionLoggerListener.log OS.版本:           10.0
09-Jan-2021 14:37:30.824 信息 [main] org.apache.catalina.startup.VersionLoggerListener.log 架构:              amd64
09-Jan-2021 14:37:30.824 信息 [main] org.apache.catalina.startup.VersionLoggerListener.log Java 环境变量:     D:\Program Files\Java\jdk-11.0.8
09-Jan-2021 14:37:30.824 信息 [main] org.apache.catalina.startup.VersionLoggerListener.log Java虚拟机版本:    11.0.8+10-LTS
09-Jan-2021 14:37:30.840 信息 [main] org.apache.catalina.startup.VersionLoggerListener.log JVM.供应商:        Oracle Corporation
09-Jan-2021 14:37:30.840 信息 [main] org.apache.catalina.startup.VersionLoggerListener.log CATALINA_BASE:     D:\Git\course-managing-system\apache-tomcat-8.5.61
09-Jan-2021 14:37:30.840 信息 [main] org.apache.catalina.startup.VersionLoggerListener.log CATALINA_HOME:     D:\Git\course-managing-system\apache-tomcat-8.5.61
09-Jan-2021 14:37:30.840 信息 [main] org.apache.catalina.startup.VersionLoggerListener.log 命令行参数：       --add-opens=java.base/java.lang=ALL-UNNAMED
09-Jan-2021 14:37:30.840 信息 [main] org.apache.catalina.startup.VersionLoggerListener.log 命令行参数：       --add-opens=java.base/java.io=ALL-UNNAMED
09-Jan-2021 14:37:30.840 信息 [main] org.apache.catalina.startup.VersionLoggerListener.log 命令行参数：       --add-opens=java.rmi/sun.rmi.transport=ALL-UNNAMED
09-Jan-2021 14:37:30.840 信息 [main] org.apache.catalina.startup.VersionLoggerListener.log 命令行参数：       -Djava.util.logging.config.file=D:\Git\course-managing-system\apache-tomcat-8.5.61\conf\logging.properties
09-Jan-2021 14:37:30.840 信息 [main] org.apache.catalina.startup.VersionLoggerListener.log 命令行参数：       -Djava.util.logging.manager=org.apache.juli.ClassLoaderLogManager
09-Jan-2021 14:37:30.840 信息 [main] org.apache.catalina.startup.VersionLoggerListener.log 命令行参数：       -Djdk.tls.ephemeralDHKeySize=2048
09-Jan-2021 14:37:30.840 信息 [main] org.apache.catalina.startup.VersionLoggerListener.log 命令行参数：       -Djava.protocol.handler.pkgs=org.apache.catalina.webresources
09-Jan-2021 14:37:30.840 信息 [main] org.apache.catalina.startup.VersionLoggerListener.log 命令行参数：       -Dignore.endorsed.dirs=
09-Jan-2021 14:37:30.840 信息 [main] org.apache.catalina.startup.VersionLoggerListener.log 命令行参数：       -Dcatalina.base=D:\Git\course-managing-system\apache-tomcat-8.5.61
09-Jan-2021 14:37:30.840 信息 [main] org.apache.catalina.startup.VersionLoggerListener.log 命令行参数：       -Dcatalina.home=D:\Git\course-managing-system\apache-tomcat-8.5.61
09-Jan-2021 14:37:30.840 信息 [main] org.apache.catalina.startup.VersionLoggerListener.log 命令行参数：       -Djava.io.tmpdir=D:\Git\course-managing-system\apache-tomcat-8.5.61\temp
09-Jan-2021 14:37:30.840 信息 [main] org.apache.catalina.core.AprLifecycleListener.lifecycleEvent 使用APR版本[1.7.0]加载了基于APR的Apache Tomcat本机库[1.2.25]。
09-Jan-2021 14:37:30.840 信息 [main] org.apache.catalina.core.AprLifecycleListener.lifecycleEvent APR功能：IPv6[true]、sendfile[true]、accept filters[false]、random[true]。
09-Jan-2021 14:37:30.840 信息 [main] org.apache.catalina.core.AprLifecycleListener.lifecycleEvent APR/OpenSSL配置：useAprConnector[false]，useOpenSSL[true]
09-Jan-2021 14:37:30.855 信息 [main] org.apache.catalina.core.AprLifecycleListener.initializeSSL OpenSSL成功初始化 [OpenSSL 1.1.1g  21 Apr 2020]
09-Jan-2021 14:37:30.918 信息 [main] org.apache.coyote.AbstractProtocol.init 初始化协议处理器 ["http-nio-8080"]
09-Jan-2021 14:37:31.613 信息 [main] org.apache.tomcat.util.net.NioSelectorPool.getSharedSelector Using a shared selector for servlet write/read
09-Jan-2021 14:37:31.625 信息 [main] org.apache.catalina.startup.Catalina.load Initialization processed in 1674 ms
09-Jan-2021 14:37:31.705 信息 [main] org.apache.catalina.core.StandardService.startInternal 正在启动服务[Catalina]
09-Jan-2021 14:37:31.706 信息 [main] org.apache.catalina.core.StandardEngine.startInternal Starting Servlet Engine: Apache Tomcat/8.5.61
09-Jan-2021 14:37:31.740 信息 [localhost-startStop-1] org.apache.catalina.startup.HostConfig.deployDescriptor 正在部署部署描述符[D:\Git\course-managing-system\apache-tomcat-8.5.61\conf\Catalina\localhost\testdoc.xml]。
09-Jan-2021 14:37:31.978 警告 [localhost-startStop-1] org.apache.tomcat.util.descriptor.web.WebXml.setVersion 未知版本字符串 [4.0]。将使用默认版本。
09-Jan-2021 14:37:32.512 信息 [localhost-startStop-1] org.apache.jasper.servlet.TldScanner.scanJars 至少有一个JAR被扫描用于TLD但尚未包含TLD。 为此记录器启用调试日志记录，以获取已扫描但未在其中找到TLD的完整JAR列表。 在扫描期间跳过不需要的JAR可以缩短启动时间和JSP编译时间。
09-Jan-2021 14:37:33.095 警告 [localhost-startStop-1] org.apache.catalina.util.SessionIdGeneratorBase.createSecureRandom 使用[SHA1PRNG]创建会话ID生成的SecureRandom实例花费了[536]毫秒。
09-Jan-2021 14:37:33.172 信息 [localhost-startStop-1] org.apache.catalina.startup.HostConfig.deployDescriptor 部署描述符[D:\Git\course-managing-system\apache-tomcat-8.5.61\conf\Catalina\localhost\testdoc.xml]的部署已在[1,432]ms内完成
09-Jan-2021 14:37:33.172 信息 [main] org.apache.coyote.AbstractProtocol.start 开始协议处理句柄["http-nio-8080"]
09-Jan-2021 14:37:33.193 信息 [main] org.apache.catalina.startup.Catalina.start Server startup in 1568 ms
09-Jan-2021 14:37:33.201 严重 [main] org.apache.catalina.core.StandardServer.await StandardServer.await: create[localhost:8005]: 
	java.net.BindException: Address already in use: NET_Bind
		at java.base/java.net.PlainSocketImpl.bind0(Native Method)
		at java.base/java.net.PlainSocketImpl.socketBind(PlainSocketImpl.java:132)
		at java.base/java.net.AbstractPlainSocketImpl.bind(AbstractPlainSocketImpl.java:436)
		at java.base/java.net.ServerSocket.bind(ServerSocket.java:381)
		at java.base/java.net.ServerSocket.<init>(ServerSocket.java:243)
		at org.apache.catalina.core.StandardServer.await(StandardServer.java:421)
		at org.apache.catalina.startup.Catalina.await(Catalina.java:776)
		at org.apache.catalina.startup.Catalina.start(Catalina.java:722)
		at java.base/jdk.internal.reflect.NativeMethodAccessorImpl.invoke0(Native Method)
		at java.base/jdk.internal.reflect.NativeMethodAccessorImpl.invoke(NativeMethodAccessorImpl.java:62)
		at java.base/jdk.internal.reflect.DelegatingMethodAccessorImpl.invoke(DelegatingMethodAccessorImpl.java:43)
		at java.base/java.lang.reflect.Method.invoke(Method.java:566)
		at org.apache.catalina.startup.Bootstrap.start(Bootstrap.java:342)
		at org.apache.catalina.startup.Bootstrap.main(Bootstrap.java:473)
09-Jan-2021 14:37:33.203 信息 [main] org.apache.coyote.AbstractProtocol.pause 暂停ProtocolHandler["http-nio-8080"]
09-Jan-2021 14:37:33.775 信息 [main] org.apache.catalina.core.StandardService.stopInternal 正在停止服务[Catalina]
09-Jan-2021 14:37:33.793 信息 [main] org.apache.coyote.AbstractProtocol.stop 正在停止ProtocolHandler ["http-nio-8080"]
09-Jan-2021 14:37:33.796 信息 [main] org.apache.coyote.AbstractProtocol.destroy 正在摧毁协议处理器 ["http-nio-8080"]
09-Jan-2021 14:37:54.338 信息 [main] org.apache.catalina.startup.VersionLoggerListener.log Server.服务器版本: Apache Tomcat/8.5.61
09-Jan-2021 14:37:54.338 信息 [main] org.apache.catalina.startup.VersionLoggerListener.log 服务器构建:        Dec 3 2020 14:03:28 UTC
09-Jan-2021 14:37:54.338 信息 [main] org.apache.catalina.startup.VersionLoggerListener.log 服务器版本号:      8.5.61.0
09-Jan-2021 14:37:54.338 信息 [main] org.apache.catalina.startup.VersionLoggerListener.log 操作系统名称:      Windows 10
09-Jan-2021 14:37:54.338 信息 [main] org.apache.catalina.startup.VersionLoggerListener.log OS.版本:           10.0
09-Jan-2021 14:37:54.338 信息 [main] org.apache.catalina.startup.VersionLoggerListener.log 架构:              amd64
09-Jan-2021 14:37:54.338 信息 [main] org.apache.catalina.startup.VersionLoggerListener.log Java 环境变量:     D:\Program Files\Java\jdk-11.0.8
09-Jan-2021 14:37:54.338 信息 [main] org.apache.catalina.startup.VersionLoggerListener.log Java虚拟机版本:    11.0.8+10-LTS
09-Jan-2021 14:37:54.338 信息 [main] org.apache.catalina.startup.VersionLoggerListener.log JVM.供应商:        Oracle Corporation
09-Jan-2021 14:37:54.338 信息 [main] org.apache.catalina.startup.VersionLoggerListener.log CATALINA_BASE:     D:\Git\course-managing-system\apache-tomcat-8.5.61
09-Jan-2021 14:37:54.338 信息 [main] org.apache.catalina.startup.VersionLoggerListener.log CATALINA_HOME:     D:\Git\course-managing-system\apache-tomcat-8.5.61
09-Jan-2021 14:37:54.338 信息 [main] org.apache.catalina.startup.VersionLoggerListener.log 命令行参数：       --add-opens=java.base/java.lang=ALL-UNNAMED
09-Jan-2021 14:37:54.338 信息 [main] org.apache.catalina.startup.VersionLoggerListener.log 命令行参数：       --add-opens=java.base/java.io=ALL-UNNAMED
09-Jan-2021 14:37:54.338 信息 [main] org.apache.catalina.startup.VersionLoggerListener.log 命令行参数：       --add-opens=java.rmi/sun.rmi.transport=ALL-UNNAMED
09-Jan-2021 14:37:54.338 信息 [main] org.apache.catalina.startup.VersionLoggerListener.log 命令行参数：       -Djava.util.logging.config.file=D:\Git\course-managing-system\apache-tomcat-8.5.61\conf\logging.properties
09-Jan-2021 14:37:54.338 信息 [main] org.apache.catalina.startup.VersionLoggerListener.log 命令行参数：       -Djava.util.logging.manager=org.apache.juli.ClassLoaderLogManager
09-Jan-2021 14:37:54.338 信息 [main] org.apache.catalina.startup.VersionLoggerListener.log 命令行参数：       -Djdk.tls.ephemeralDHKeySize=2048
09-Jan-2021 14:37:54.338 信息 [main] org.apache.catalina.startup.VersionLoggerListener.log 命令行参数：       -Djava.protocol.handler.pkgs=org.apache.catalina.webresources
09-Jan-2021 14:37:54.338 信息 [main] org.apache.catalina.startup.VersionLoggerListener.log 命令行参数：       -Dignore.endorsed.dirs=
09-Jan-2021 14:37:54.338 信息 [main] org.apache.catalina.startup.VersionLoggerListener.log 命令行参数：       -Dcatalina.base=D:\Git\course-managing-system\apache-tomcat-8.5.61
09-Jan-2021 14:37:54.338 信息 [main] org.apache.catalina.startup.VersionLoggerListener.log 命令行参数：       -Dcatalina.home=D:\Git\course-managing-system\apache-tomcat-8.5.61
09-Jan-2021 14:37:54.338 信息 [main] org.apache.catalina.startup.VersionLoggerListener.log 命令行参数：       -Djava.io.tmpdir=D:\Git\course-managing-system\apache-tomcat-8.5.61\temp
09-Jan-2021 14:37:54.338 信息 [main] org.apache.catalina.core.AprLifecycleListener.lifecycleEvent 使用APR版本[1.7.0]加载了基于APR的Apache Tomcat本机库[1.2.25]。
09-Jan-2021 14:37:54.338 信息 [main] org.apache.catalina.core.AprLifecycleListener.lifecycleEvent APR功能：IPv6[true]、sendfile[true]、accept filters[false]、random[true]。
09-Jan-2021 14:37:54.338 信息 [main] org.apache.catalina.core.AprLifecycleListener.lifecycleEvent APR/OpenSSL配置：useAprConnector[false]，useOpenSSL[true]
09-Jan-2021 14:37:54.354 信息 [main] org.apache.catalina.core.AprLifecycleListener.initializeSSL OpenSSL成功初始化 [OpenSSL 1.1.1g  21 Apr 2020]
09-Jan-2021 14:37:54.385 信息 [main] org.apache.coyote.AbstractProtocol.init 初始化协议处理器 ["http-nio-8080"]
09-Jan-2021 14:37:54.962 信息 [main] org.apache.tomcat.util.net.NioSelectorPool.getSharedSelector Using a shared selector for servlet write/read
09-Jan-2021 14:37:54.970 信息 [main] org.apache.catalina.startup.Catalina.load Initialization processed in 1106 ms
09-Jan-2021 14:37:55.008 信息 [main] org.apache.catalina.core.StandardService.startInternal 正在启动服务[Catalina]
09-Jan-2021 14:37:55.008 信息 [main] org.apache.catalina.core.StandardEngine.startInternal Starting Servlet Engine: Apache Tomcat/8.5.61
09-Jan-2021 14:37:55.020 信息 [localhost-startStop-1] org.apache.catalina.startup.HostConfig.deployDescriptor 正在部署部署描述符[D:\Git\course-managing-system\apache-tomcat-8.5.61\conf\Catalina\localhost\testdoc.xml]。
09-Jan-2021 14:37:55.148 警告 [localhost-startStop-1] org.apache.tomcat.util.descriptor.web.WebXml.setVersion 未知版本字符串 [4.0]。将使用默认版本。
09-Jan-2021 14:37:55.570 信息 [localhost-startStop-1] org.apache.jasper.servlet.TldScanner.scanJars 至少有一个JAR被扫描用于TLD但尚未包含TLD。 为此记录器启用调试日志记录，以获取已扫描但未在其中找到TLD的完整JAR列表。 在扫描期间跳过不需要的JAR可以缩短启动时间和JSP编译时间。
09-Jan-2021 14:37:56.110 警告 [localhost-startStop-1] org.apache.catalina.util.SessionIdGeneratorBase.createSecureRandom 使用[SHA1PRNG]创建会话ID生成的SecureRandom实例花费了[536]毫秒。
09-Jan-2021 14:37:56.126 信息 [localhost-startStop-1] org.apache.catalina.startup.HostConfig.deployDescriptor 部署描述符[D:\Git\course-managing-system\apache-tomcat-8.5.61\conf\Catalina\localhost\testdoc.xml]的部署已在[1,106]ms内完成
09-Jan-2021 14:37:56.126 信息 [main] org.apache.coyote.AbstractProtocol.start 开始协议处理句柄["http-nio-8080"]
09-Jan-2021 14:37:56.142 信息 [main] org.apache.catalina.startup.Catalina.start Server startup in 1173 ms
09-Jan-2021 14:37:56.142 严重 [main] org.apache.catalina.core.StandardServer.await StandardServer.await: create[localhost:8005]: 
	java.net.BindException: Address already in use: NET_Bind
		at java.base/java.net.PlainSocketImpl.bind0(Native Method)
		at java.base/java.net.PlainSocketImpl.socketBind(PlainSocketImpl.java:132)
		at java.base/java.net.AbstractPlainSocketImpl.bind(AbstractPlainSocketImpl.java:436)
		at java.base/java.net.ServerSocket.bind(ServerSocket.java:381)
		at java.base/java.net.ServerSocket.<init>(ServerSocket.java:243)
		at org.apache.catalina.core.StandardServer.await(StandardServer.java:421)
		at org.apache.catalina.startup.Catalina.await(Catalina.java:776)
		at org.apache.catalina.startup.Catalina.start(Catalina.java:722)
		at java.base/jdk.internal.reflect.NativeMethodAccessorImpl.invoke0(Native Method)
		at java.base/jdk.internal.reflect.NativeMethodAccessorImpl.invoke(NativeMethodAccessorImpl.java:62)
		at java.base/jdk.internal.reflect.DelegatingMethodAccessorImpl.invoke(DelegatingMethodAccessorImpl.java:43)
		at java.base/java.lang.reflect.Method.invoke(Method.java:566)
		at org.apache.catalina.startup.Bootstrap.start(Bootstrap.java:342)
		at org.apache.catalina.startup.Bootstrap.main(Bootstrap.java:473)
09-Jan-2021 14:37:56.142 信息 [main] org.apache.coyote.AbstractProtocol.pause 暂停ProtocolHandler["http-nio-8080"]
09-Jan-2021 14:37:56.649 信息 [main] org.apache.catalina.core.StandardService.stopInternal 正在停止服务[Catalina]
09-Jan-2021 14:37:56.649 信息 [main] org.apache.coyote.AbstractProtocol.stop 正在停止ProtocolHandler ["http-nio-8080"]
09-Jan-2021 14:37:56.649 信息 [main] org.apache.coyote.AbstractProtocol.destroy 正在摧毁协议处理器 ["http-nio-8080"]
09-Jan-2021 14:41:45.277 信息 [main] org.apache.catalina.startup.VersionLoggerListener.log Server.服务器版本: Apache Tomcat/8.5.61
09-Jan-2021 14:41:45.282 信息 [main] org.apache.catalina.startup.VersionLoggerListener.log 服务器构建:        Dec 3 2020 14:03:28 UTC
09-Jan-2021 14:41:45.282 信息 [main] org.apache.catalina.startup.VersionLoggerListener.log 服务器版本号:      8.5.61.0
09-Jan-2021 14:41:45.282 信息 [main] org.apache.catalina.startup.VersionLoggerListener.log 操作系统名称:      Windows 10
09-Jan-2021 14:41:45.283 信息 [main] org.apache.catalina.startup.VersionLoggerListener.log OS.版本:           10.0
09-Jan-2021 14:41:45.283 信息 [main] org.apache.catalina.startup.VersionLoggerListener.log 架构:              amd64
09-Jan-2021 14:41:45.283 信息 [main] org.apache.catalina.startup.VersionLoggerListener.log Java 环境变量:     D:\Program Files\Java\jdk-11.0.8
09-Jan-2021 14:41:45.283 信息 [main] org.apache.catalina.startup.VersionLoggerListener.log Java虚拟机版本:    11.0.8+10-LTS
09-Jan-2021 14:41:45.283 信息 [main] org.apache.catalina.startup.VersionLoggerListener.log JVM.供应商:        Oracle Corporation
09-Jan-2021 14:41:45.284 信息 [main] org.apache.catalina.startup.VersionLoggerListener.log CATALINA_BASE:     D:\Git\course-managing-system\apache-tomcat-8.5.61
09-Jan-2021 14:41:45.284 信息 [main] org.apache.catalina.startup.VersionLoggerListener.log CATALINA_HOME:     D:\Git\course-managing-system\apache-tomcat-8.5.61
09-Jan-2021 14:41:45.285 信息 [main] org.apache.catalina.startup.VersionLoggerListener.log 命令行参数：       --add-opens=java.base/java.lang=ALL-UNNAMED
09-Jan-2021 14:41:45.285 信息 [main] org.apache.catalina.startup.VersionLoggerListener.log 命令行参数：       --add-opens=java.base/java.io=ALL-UNNAMED
09-Jan-2021 14:41:45.285 信息 [main] org.apache.catalina.startup.VersionLoggerListener.log 命令行参数：       --add-opens=java.rmi/sun.rmi.transport=ALL-UNNAMED
09-Jan-2021 14:41:45.285 信息 [main] org.apache.catalina.startup.VersionLoggerListener.log 命令行参数：       -Djava.util.logging.config.file=D:\Git\course-managing-system\apache-tomcat-8.5.61\conf\logging.properties
09-Jan-2021 14:41:45.285 信息 [main] org.apache.catalina.startup.VersionLoggerListener.log 命令行参数：       -Djava.util.logging.manager=org.apache.juli.ClassLoaderLogManager
09-Jan-2021 14:41:45.286 信息 [main] org.apache.catalina.startup.VersionLoggerListener.log 命令行参数：       -Djdk.tls.ephemeralDHKeySize=2048
09-Jan-2021 14:41:45.286 信息 [main] org.apache.catalina.startup.VersionLoggerListener.log 命令行参数：       -Djava.protocol.handler.pkgs=org.apache.catalina.webresources
09-Jan-2021 14:41:45.287 信息 [main] org.apache.catalina.startup.VersionLoggerListener.log 命令行参数：       -Dignore.endorsed.dirs=
09-Jan-2021 14:41:45.287 信息 [main] org.apache.catalina.startup.VersionLoggerListener.log 命令行参数：       -Dcatalina.base=D:\Git\course-managing-system\apache-tomcat-8.5.61
09-Jan-2021 14:41:45.287 信息 [main] org.apache.catalina.startup.VersionLoggerListener.log 命令行参数：       -Dcatalina.home=D:\Git\course-managing-system\apache-tomcat-8.5.61
09-Jan-2021 14:41:45.288 信息 [main] org.apache.catalina.startup.VersionLoggerListener.log 命令行参数：       -Djava.io.tmpdir=D:\Git\course-managing-system\apache-tomcat-8.5.61\temp
09-Jan-2021 14:41:45.288 信息 [main] org.apache.catalina.core.AprLifecycleListener.lifecycleEvent 使用APR版本[1.7.0]加载了基于APR的Apache Tomcat本机库[1.2.25]。
09-Jan-2021 14:41:45.288 信息 [main] org.apache.catalina.core.AprLifecycleListener.lifecycleEvent APR功能：IPv6[true]、sendfile[true]、accept filters[false]、random[true]。
09-Jan-2021 14:41:45.289 信息 [main] org.apache.catalina.core.AprLifecycleListener.lifecycleEvent APR/OpenSSL配置：useAprConnector[false]，useOpenSSL[true]
09-Jan-2021 14:41:45.294 信息 [main] org.apache.catalina.core.AprLifecycleListener.initializeSSL OpenSSL成功初始化 [OpenSSL 1.1.1g  21 Apr 2020]
09-Jan-2021 14:41:45.333 信息 [main] org.apache.coyote.AbstractProtocol.init 初始化协议处理器 ["http-nio-8080"]
09-Jan-2021 14:41:45.894 信息 [main] org.apache.tomcat.util.net.NioSelectorPool.getSharedSelector Using a shared selector for servlet write/read
09-Jan-2021 14:41:45.903 信息 [main] org.apache.catalina.startup.Catalina.load Initialization processed in 1004 ms
09-Jan-2021 14:41:45.944 信息 [main] org.apache.catalina.core.StandardService.startInternal 正在启动服务[Catalina]
09-Jan-2021 14:41:45.944 信息 [main] org.apache.catalina.core.StandardEngine.startInternal Starting Servlet Engine: Apache Tomcat/8.5.61
09-Jan-2021 14:41:45.954 信息 [localhost-startStop-1] org.apache.catalina.startup.HostConfig.deployDescriptor 正在部署部署描述符[D:\Git\course-managing-system\apache-tomcat-8.5.61\conf\Catalina\localhost\testdoc.xml]。
09-Jan-2021 14:41:46.070 警告 [localhost-startStop-1] org.apache.tomcat.util.descriptor.web.WebXml.setVersion 未知版本字符串 [4.0]。将使用默认版本。
09-Jan-2021 14:41:46.479 信息 [localhost-startStop-1] org.apache.jasper.servlet.TldScanner.scanJars 至少有一个JAR被扫描用于TLD但尚未包含TLD。 为此记录器启用调试日志记录，以获取已扫描但未在其中找到TLD的完整JAR列表。 在扫描期间跳过不需要的JAR可以缩短启动时间和JSP编译时间。
09-Jan-2021 14:41:47.022 警告 [localhost-startStop-1] org.apache.catalina.util.SessionIdGeneratorBase.createSecureRandom 使用[SHA1PRNG]创建会话ID生成的SecureRandom实例花费了[519]毫秒。
09-Jan-2021 14:41:47.036 信息 [localhost-startStop-1] org.apache.catalina.startup.HostConfig.deployDescriptor 部署描述符[D:\Git\course-managing-system\apache-tomcat-8.5.61\conf\Catalina\localhost\testdoc.xml]的部署已在[1,082]ms内完成
09-Jan-2021 14:41:47.039 信息 [main] org.apache.coyote.AbstractProtocol.start 开始协议处理句柄["http-nio-8080"]
09-Jan-2021 14:41:47.049 信息 [main] org.apache.catalina.startup.Catalina.start Server startup in 1146 ms
09-Jan-2021 14:41:47.055 严重 [main] org.apache.catalina.core.StandardServer.await StandardServer.await: create[localhost:8005]: 
	java.net.BindException: Address already in use: NET_Bind
		at java.base/java.net.PlainSocketImpl.bind0(Native Method)
		at java.base/java.net.PlainSocketImpl.socketBind(PlainSocketImpl.java:132)
		at java.base/java.net.AbstractPlainSocketImpl.bind(AbstractPlainSocketImpl.java:436)
		at java.base/java.net.ServerSocket.bind(ServerSocket.java:381)
		at java.base/java.net.ServerSocket.<init>(ServerSocket.java:243)
		at org.apache.catalina.core.StandardServer.await(StandardServer.java:421)
		at org.apache.catalina.startup.Catalina.await(Catalina.java:776)
		at org.apache.catalina.startup.Catalina.start(Catalina.java:722)
		at java.base/jdk.internal.reflect.NativeMethodAccessorImpl.invoke0(Native Method)
		at java.base/jdk.internal.reflect.NativeMethodAccessorImpl.invoke(NativeMethodAccessorImpl.java:62)
		at java.base/jdk.internal.reflect.DelegatingMethodAccessorImpl.invoke(DelegatingMethodAccessorImpl.java:43)
		at java.base/java.lang.reflect.Method.invoke(Method.java:566)
		at org.apache.catalina.startup.Bootstrap.start(Bootstrap.java:342)
		at org.apache.catalina.startup.Bootstrap.main(Bootstrap.java:473)
09-Jan-2021 14:41:47.056 信息 [main] org.apache.coyote.AbstractProtocol.pause 暂停ProtocolHandler["http-nio-8080"]
09-Jan-2021 14:41:47.595 信息 [main] org.apache.catalina.core.StandardService.stopInternal 正在停止服务[Catalina]
09-Jan-2021 14:41:47.595 信息 [main] org.apache.coyote.AbstractProtocol.stop 正在停止ProtocolHandler ["http-nio-8080"]
09-Jan-2021 14:41:47.595 信息 [main] org.apache.coyote.AbstractProtocol.destroy 正在摧毁协议处理器 ["http-nio-8080"]
09-Jan-2021 14:43:39.325 信息 [main] org.apache.catalina.startup.VersionLoggerListener.log Server.服务器版本: Apache Tomcat/8.5.61
09-Jan-2021 14:43:39.341 信息 [main] org.apache.catalina.startup.VersionLoggerListener.log 服务器构建:        Dec 3 2020 14:03:28 UTC
09-Jan-2021 14:43:39.341 信息 [main] org.apache.catalina.startup.VersionLoggerListener.log 服务器版本号:      8.5.61.0
09-Jan-2021 14:43:39.341 信息 [main] org.apache.catalina.startup.VersionLoggerListener.log 操作系统名称:      Windows 10
09-Jan-2021 14:43:39.341 信息 [main] org.apache.catalina.startup.VersionLoggerListener.log OS.版本:           10.0
09-Jan-2021 14:43:39.341 信息 [main] org.apache.catalina.startup.VersionLoggerListener.log 架构:              amd64
09-Jan-2021 14:43:39.341 信息 [main] org.apache.catalina.startup.VersionLoggerListener.log Java 环境变量:     D:\Program Files\Java\jdk-11.0.8
09-Jan-2021 14:43:39.341 信息 [main] org.apache.catalina.startup.VersionLoggerListener.log Java虚拟机版本:    11.0.8+10-LTS
09-Jan-2021 14:43:39.341 信息 [main] org.apache.catalina.startup.VersionLoggerListener.log JVM.供应商:        Oracle Corporation
09-Jan-2021 14:43:39.341 信息 [main] org.apache.catalina.startup.VersionLoggerListener.log CATALINA_BASE:     D:\Git\course-managing-system\apache-tomcat-8.5.61
09-Jan-2021 14:43:39.341 信息 [main] org.apache.catalina.startup.VersionLoggerListener.log CATALINA_HOME:     D:\Git\course-managing-system\apache-tomcat-8.5.61
09-Jan-2021 14:43:39.341 信息 [main] org.apache.catalina.startup.VersionLoggerListener.log 命令行参数：       --add-opens=java.base/java.lang=ALL-UNNAMED
09-Jan-2021 14:43:39.341 信息 [main] org.apache.catalina.startup.VersionLoggerListener.log 命令行参数：       --add-opens=java.base/java.io=ALL-UNNAMED
09-Jan-2021 14:43:39.341 信息 [main] org.apache.catalina.startup.VersionLoggerListener.log 命令行参数：       --add-opens=java.rmi/sun.rmi.transport=ALL-UNNAMED
09-Jan-2021 14:43:39.341 信息 [main] org.apache.catalina.startup.VersionLoggerListener.log 命令行参数：       -Djava.util.logging.config.file=D:\Git\course-managing-system\apache-tomcat-8.5.61\conf\logging.properties
09-Jan-2021 14:43:39.341 信息 [main] org.apache.catalina.startup.VersionLoggerListener.log 命令行参数：       -Djava.util.logging.manager=org.apache.juli.ClassLoaderLogManager
09-Jan-2021 14:43:39.341 信息 [main] org.apache.catalina.startup.VersionLoggerListener.log 命令行参数：       -Djdk.tls.ephemeralDHKeySize=2048
09-Jan-2021 14:43:39.341 信息 [main] org.apache.catalina.startup.VersionLoggerListener.log 命令行参数：       -Djava.protocol.handler.pkgs=org.apache.catalina.webresources
09-Jan-2021 14:43:39.341 信息 [main] org.apache.catalina.startup.VersionLoggerListener.log 命令行参数：       -Dignore.endorsed.dirs=
09-Jan-2021 14:43:39.341 信息 [main] org.apache.catalina.startup.VersionLoggerListener.log 命令行参数：       -Dcatalina.base=D:\Git\course-managing-system\apache-tomcat-8.5.61
09-Jan-2021 14:43:39.341 信息 [main] org.apache.catalina.startup.VersionLoggerListener.log 命令行参数：       -Dcatalina.home=D:\Git\course-managing-system\apache-tomcat-8.5.61
09-Jan-2021 14:43:39.341 信息 [main] org.apache.catalina.startup.VersionLoggerListener.log 命令行参数：       -Djava.io.tmpdir=D:\Git\course-managing-system\apache-tomcat-8.5.61\temp
09-Jan-2021 14:43:39.341 信息 [main] org.apache.catalina.core.AprLifecycleListener.lifecycleEvent 使用APR版本[1.7.0]加载了基于APR的Apache Tomcat本机库[1.2.25]。
09-Jan-2021 14:43:39.341 信息 [main] org.apache.catalina.core.AprLifecycleListener.lifecycleEvent APR功能：IPv6[true]、sendfile[true]、accept filters[false]、random[true]。
09-Jan-2021 14:43:39.341 信息 [main] org.apache.catalina.core.AprLifecycleListener.lifecycleEvent APR/OpenSSL配置：useAprConnector[false]，useOpenSSL[true]
09-Jan-2021 14:43:39.341 信息 [main] org.apache.catalina.core.AprLifecycleListener.initializeSSL OpenSSL成功初始化 [OpenSSL 1.1.1g  21 Apr 2020]
09-Jan-2021 14:43:39.388 信息 [main] org.apache.coyote.AbstractProtocol.init 初始化协议处理器 ["http-nio-8080"]
09-Jan-2021 14:43:39.937 信息 [main] org.apache.tomcat.util.net.NioSelectorPool.getSharedSelector Using a shared selector for servlet write/read
09-Jan-2021 14:43:39.947 信息 [main] org.apache.catalina.startup.Catalina.load Initialization processed in 1000 ms
09-Jan-2021 14:43:39.986 信息 [main] org.apache.catalina.core.StandardService.startInternal 正在启动服务[Catalina]
09-Jan-2021 14:43:39.987 信息 [main] org.apache.catalina.core.StandardEngine.startInternal Starting Servlet Engine: Apache Tomcat/8.5.61
09-Jan-2021 14:43:40.000 信息 [localhost-startStop-1] org.apache.catalina.startup.HostConfig.deployDescriptor 正在部署部署描述符[D:\Git\course-managing-system\apache-tomcat-8.5.61\conf\Catalina\localhost\testdoc.xml]。
09-Jan-2021 14:43:40.134 警告 [localhost-startStop-1] org.apache.tomcat.util.descriptor.web.WebXml.setVersion 未知版本字符串 [4.0]。将使用默认版本。
09-Jan-2021 14:43:40.542 信息 [localhost-startStop-1] org.apache.jasper.servlet.TldScanner.scanJars 至少有一个JAR被扫描用于TLD但尚未包含TLD。 为此记录器启用调试日志记录，以获取已扫描但未在其中找到TLD的完整JAR列表。 在扫描期间跳过不需要的JAR可以缩短启动时间和JSP编译时间。
09-Jan-2021 14:43:41.073 警告 [localhost-startStop-1] org.apache.catalina.util.SessionIdGeneratorBase.createSecureRandom 使用[SHA1PRNG]创建会话ID生成的SecureRandom实例花费了[516]毫秒。
09-Jan-2021 14:43:41.089 信息 [localhost-startStop-1] org.apache.catalina.startup.HostConfig.deployDescriptor 部署描述符[D:\Git\course-managing-system\apache-tomcat-8.5.61\conf\Catalina\localhost\testdoc.xml]的部署已在[1,090]ms内完成
09-Jan-2021 14:43:41.089 信息 [main] org.apache.coyote.AbstractProtocol.start 开始协议处理句柄["http-nio-8080"]
09-Jan-2021 14:43:41.104 信息 [main] org.apache.catalina.startup.Catalina.start Server startup in 1160 ms
09-Jan-2021 14:43:41.104 严重 [main] org.apache.catalina.core.StandardServer.await StandardServer.await: create[localhost:8005]: 
	java.net.BindException: Address already in use: NET_Bind
		at java.base/java.net.PlainSocketImpl.bind0(Native Method)
		at java.base/java.net.PlainSocketImpl.socketBind(PlainSocketImpl.java:132)
		at java.base/java.net.AbstractPlainSocketImpl.bind(AbstractPlainSocketImpl.java:436)
		at java.base/java.net.ServerSocket.bind(ServerSocket.java:381)
		at java.base/java.net.ServerSocket.<init>(ServerSocket.java:243)
		at org.apache.catalina.core.StandardServer.await(StandardServer.java:421)
		at org.apache.catalina.startup.Catalina.await(Catalina.java:776)
		at org.apache.catalina.startup.Catalina.start(Catalina.java:722)
		at java.base/jdk.internal.reflect.NativeMethodAccessorImpl.invoke0(Native Method)
		at java.base/jdk.internal.reflect.NativeMethodAccessorImpl.invoke(NativeMethodAccessorImpl.java:62)
		at java.base/jdk.internal.reflect.DelegatingMethodAccessorImpl.invoke(DelegatingMethodAccessorImpl.java:43)
		at java.base/java.lang.reflect.Method.invoke(Method.java:566)
		at org.apache.catalina.startup.Bootstrap.start(Bootstrap.java:342)
		at org.apache.catalina.startup.Bootstrap.main(Bootstrap.java:473)
09-Jan-2021 14:43:41.104 信息 [main] org.apache.coyote.AbstractProtocol.pause 暂停ProtocolHandler["http-nio-8080"]
09-Jan-2021 14:43:41.617 信息 [main] org.apache.catalina.core.StandardService.stopInternal 正在停止服务[Catalina]
09-Jan-2021 14:43:41.628 信息 [main] org.apache.coyote.AbstractProtocol.stop 正在停止ProtocolHandler ["http-nio-8080"]
09-Jan-2021 14:43:41.629 信息 [main] org.apache.coyote.AbstractProtocol.destroy 正在摧毁协议处理器 ["http-nio-8080"]
09-Jan-2021 14:45:01.997 信息 [main] org.apache.catalina.startup.VersionLoggerListener.log Server.服务器版本: Apache Tomcat/8.5.61
09-Jan-2021 14:45:02.013 信息 [main] org.apache.catalina.startup.VersionLoggerListener.log 服务器构建:        Dec 3 2020 14:03:28 UTC
09-Jan-2021 14:45:02.013 信息 [main] org.apache.catalina.startup.VersionLoggerListener.log 服务器版本号:      8.5.61.0
09-Jan-2021 14:45:02.013 信息 [main] org.apache.catalina.startup.VersionLoggerListener.log 操作系统名称:      Windows 10
09-Jan-2021 14:45:02.013 信息 [main] org.apache.catalina.startup.VersionLoggerListener.log OS.版本:           10.0
09-Jan-2021 14:45:02.013 信息 [main] org.apache.catalina.startup.VersionLoggerListener.log 架构:              amd64
09-Jan-2021 14:45:02.013 信息 [main] org.apache.catalina.startup.VersionLoggerListener.log Java 环境变量:     D:\Program Files\Java\jdk-11.0.8
09-Jan-2021 14:45:02.013 信息 [main] org.apache.catalina.startup.VersionLoggerListener.log Java虚拟机版本:    11.0.8+10-LTS
09-Jan-2021 14:45:02.013 信息 [main] org.apache.catalina.startup.VersionLoggerListener.log JVM.供应商:        Oracle Corporation
09-Jan-2021 14:45:02.013 信息 [main] org.apache.catalina.startup.VersionLoggerListener.log CATALINA_BASE:     D:\Git\course-managing-system\apache-tomcat-8.5.61
09-Jan-2021 14:45:02.013 信息 [main] org.apache.catalina.startup.VersionLoggerListener.log CATALINA_HOME:     D:\Git\course-managing-system\apache-tomcat-8.5.61
09-Jan-2021 14:45:02.013 信息 [main] org.apache.catalina.startup.VersionLoggerListener.log 命令行参数：       --add-opens=java.base/java.lang=ALL-UNNAMED
09-Jan-2021 14:45:02.013 信息 [main] org.apache.catalina.startup.VersionLoggerListener.log 命令行参数：       --add-opens=java.base/java.io=ALL-UNNAMED
09-Jan-2021 14:45:02.013 信息 [main] org.apache.catalina.startup.VersionLoggerListener.log 命令行参数：       --add-opens=java.rmi/sun.rmi.transport=ALL-UNNAMED
09-Jan-2021 14:45:02.013 信息 [main] org.apache.catalina.startup.VersionLoggerListener.log 命令行参数：       -Djava.util.logging.config.file=D:\Git\course-managing-system\apache-tomcat-8.5.61\conf\logging.properties
09-Jan-2021 14:45:02.013 信息 [main] org.apache.catalina.startup.VersionLoggerListener.log 命令行参数：       -Djava.util.logging.manager=org.apache.juli.ClassLoaderLogManager
09-Jan-2021 14:45:02.013 信息 [main] org.apache.catalina.startup.VersionLoggerListener.log 命令行参数：       -Djdk.tls.ephemeralDHKeySize=2048
09-Jan-2021 14:45:02.013 信息 [main] org.apache.catalina.startup.VersionLoggerListener.log 命令行参数：       -Djava.protocol.handler.pkgs=org.apache.catalina.webresources
09-Jan-2021 14:45:02.013 信息 [main] org.apache.catalina.startup.VersionLoggerListener.log 命令行参数：       -Dignore.endorsed.dirs=
09-Jan-2021 14:45:02.013 信息 [main] org.apache.catalina.startup.VersionLoggerListener.log 命令行参数：       -Dcatalina.base=D:\Git\course-managing-system\apache-tomcat-8.5.61
09-Jan-2021 14:45:02.013 信息 [main] org.apache.catalina.startup.VersionLoggerListener.log 命令行参数：       -Dcatalina.home=D:\Git\course-managing-system\apache-tomcat-8.5.61
09-Jan-2021 14:45:02.013 信息 [main] org.apache.catalina.startup.VersionLoggerListener.log 命令行参数：       -Djava.io.tmpdir=D:\Git\course-managing-system\apache-tomcat-8.5.61\temp
09-Jan-2021 14:45:02.013 信息 [main] org.apache.catalina.core.AprLifecycleListener.lifecycleEvent 使用APR版本[1.7.0]加载了基于APR的Apache Tomcat本机库[1.2.25]。
09-Jan-2021 14:45:02.013 信息 [main] org.apache.catalina.core.AprLifecycleListener.lifecycleEvent APR功能：IPv6[true]、sendfile[true]、accept filters[false]、random[true]。
09-Jan-2021 14:45:02.013 信息 [main] org.apache.catalina.core.AprLifecycleListener.lifecycleEvent APR/OpenSSL配置：useAprConnector[false]，useOpenSSL[true]
09-Jan-2021 14:45:02.013 信息 [main] org.apache.catalina.core.AprLifecycleListener.initializeSSL OpenSSL成功初始化 [OpenSSL 1.1.1g  21 Apr 2020]
09-Jan-2021 14:45:02.060 信息 [main] org.apache.coyote.AbstractProtocol.init 初始化协议处理器 ["http-nio-8080"]
09-Jan-2021 14:45:02.607 信息 [main] org.apache.tomcat.util.net.NioSelectorPool.getSharedSelector Using a shared selector for servlet write/read
09-Jan-2021 14:45:02.622 信息 [main] org.apache.catalina.startup.Catalina.load Initialization processed in 982 ms
09-Jan-2021 14:45:02.669 信息 [main] org.apache.catalina.core.StandardService.startInternal 正在启动服务[Catalina]
09-Jan-2021 14:45:02.669 信息 [main] org.apache.catalina.core.StandardEngine.startInternal Starting Servlet Engine: Apache Tomcat/8.5.61
09-Jan-2021 14:45:02.685 信息 [localhost-startStop-1] org.apache.catalina.startup.HostConfig.deployDescriptor 正在部署部署描述符[D:\Git\course-managing-system\apache-tomcat-8.5.61\conf\Catalina\localhost\testdoc.xml]。
09-Jan-2021 14:45:02.810 警告 [localhost-startStop-1] org.apache.tomcat.util.descriptor.web.WebXml.setVersion 未知版本字符串 [4.0]。将使用默认版本。
09-Jan-2021 14:45:03.216 信息 [localhost-startStop-1] org.apache.jasper.servlet.TldScanner.scanJars 至少有一个JAR被扫描用于TLD但尚未包含TLD。 为此记录器启用调试日志记录，以获取已扫描但未在其中找到TLD的完整JAR列表。 在扫描期间跳过不需要的JAR可以缩短启动时间和JSP编译时间。
09-Jan-2021 14:45:03.823 警告 [localhost-startStop-1] org.apache.catalina.util.SessionIdGeneratorBase.createSecureRandom 使用[SHA1PRNG]创建会话ID生成的SecureRandom实例花费了[590]毫秒。
09-Jan-2021 14:45:03.840 信息 [localhost-startStop-1] org.apache.catalina.startup.HostConfig.deployDescriptor 部署描述符[D:\Git\course-managing-system\apache-tomcat-8.5.61\conf\Catalina\localhost\testdoc.xml]的部署已在[1,155]ms内完成
09-Jan-2021 14:45:03.844 信息 [main] org.apache.coyote.AbstractProtocol.start 开始协议处理句柄["http-nio-8080"]
09-Jan-2021 14:45:03.856 信息 [main] org.apache.catalina.startup.Catalina.start Server startup in 1225 ms
09-Jan-2021 14:45:03.863 严重 [main] org.apache.catalina.core.StandardServer.await StandardServer.await: create[localhost:8005]: 
	java.net.BindException: Address already in use: NET_Bind
		at java.base/java.net.PlainSocketImpl.bind0(Native Method)
		at java.base/java.net.PlainSocketImpl.socketBind(PlainSocketImpl.java:132)
		at java.base/java.net.AbstractPlainSocketImpl.bind(AbstractPlainSocketImpl.java:436)
		at java.base/java.net.ServerSocket.bind(ServerSocket.java:381)
		at java.base/java.net.ServerSocket.<init>(ServerSocket.java:243)
		at org.apache.catalina.core.StandardServer.await(StandardServer.java:421)
		at org.apache.catalina.startup.Catalina.await(Catalina.java:776)
		at org.apache.catalina.startup.Catalina.start(Catalina.java:722)
		at java.base/jdk.internal.reflect.NativeMethodAccessorImpl.invoke0(Native Method)
		at java.base/jdk.internal.reflect.NativeMethodAccessorImpl.invoke(NativeMethodAccessorImpl.java:62)
		at java.base/jdk.internal.reflect.DelegatingMethodAccessorImpl.invoke(DelegatingMethodAccessorImpl.java:43)
		at java.base/java.lang.reflect.Method.invoke(Method.java:566)
		at org.apache.catalina.startup.Bootstrap.start(Bootstrap.java:342)
		at org.apache.catalina.startup.Bootstrap.main(Bootstrap.java:473)
09-Jan-2021 14:45:03.865 信息 [main] org.apache.coyote.AbstractProtocol.pause 暂停ProtocolHandler["http-nio-8080"]
09-Jan-2021 14:45:04.380 信息 [main] org.apache.catalina.core.StandardService.stopInternal 正在停止服务[Catalina]
09-Jan-2021 14:45:04.391 信息 [main] org.apache.coyote.AbstractProtocol.stop 正在停止ProtocolHandler ["http-nio-8080"]
09-Jan-2021 14:45:04.395 信息 [main] org.apache.coyote.AbstractProtocol.destroy 正在摧毁协议处理器 ["http-nio-8080"]
09-Jan-2021 14:47:39.126 严重 [main] org.apache.catalina.startup.Catalina.stopServer Could not contact [localhost:8005]. Tomcat may not be running.
09-Jan-2021 14:47:43.602 信息 [main] org.apache.catalina.startup.VersionLoggerListener.log Server.服务器版本: Apache Tomcat/8.5.61
09-Jan-2021 14:47:43.608 信息 [main] org.apache.catalina.startup.VersionLoggerListener.log 服务器构建:        Dec 3 2020 14:03:28 UTC
09-Jan-2021 14:47:43.608 信息 [main] org.apache.catalina.startup.VersionLoggerListener.log 服务器版本号:      8.5.61.0
09-Jan-2021 14:47:43.608 信息 [main] org.apache.catalina.startup.VersionLoggerListener.log 操作系统名称:      Windows 10
09-Jan-2021 14:47:43.609 信息 [main] org.apache.catalina.startup.VersionLoggerListener.log OS.版本:           10.0
09-Jan-2021 14:47:43.609 信息 [main] org.apache.catalina.startup.VersionLoggerListener.log 架构:              amd64
09-Jan-2021 14:47:43.609 信息 [main] org.apache.catalina.startup.VersionLoggerListener.log Java 环境变量:     D:\Program Files\Java\jdk-11.0.8
09-Jan-2021 14:47:43.609 信息 [main] org.apache.catalina.startup.VersionLoggerListener.log Java虚拟机版本:    11.0.8+10-LTS
09-Jan-2021 14:47:43.609 信息 [main] org.apache.catalina.startup.VersionLoggerListener.log JVM.供应商:        Oracle Corporation
09-Jan-2021 14:47:43.610 信息 [main] org.apache.catalina.startup.VersionLoggerListener.log CATALINA_BASE:     D:\Git\course-managing-system\apache-tomcat-8.5.61
09-Jan-2021 14:47:43.610 信息 [main] org.apache.catalina.startup.VersionLoggerListener.log CATALINA_HOME:     D:\Git\course-managing-system\apache-tomcat-8.5.61
09-Jan-2021 14:47:43.610 信息 [main] org.apache.catalina.startup.VersionLoggerListener.log 命令行参数：       --add-opens=java.base/java.lang=ALL-UNNAMED
09-Jan-2021 14:47:43.611 信息 [main] org.apache.catalina.startup.VersionLoggerListener.log 命令行参数：       --add-opens=java.base/java.io=ALL-UNNAMED
09-Jan-2021 14:47:43.611 信息 [main] org.apache.catalina.startup.VersionLoggerListener.log 命令行参数：       --add-opens=java.rmi/sun.rmi.transport=ALL-UNNAMED
09-Jan-2021 14:47:43.611 信息 [main] org.apache.catalina.startup.VersionLoggerListener.log 命令行参数：       -Djava.util.logging.config.file=D:\Git\course-managing-system\apache-tomcat-8.5.61\conf\logging.properties
09-Jan-2021 14:47:43.611 信息 [main] org.apache.catalina.startup.VersionLoggerListener.log 命令行参数：       -Djava.util.logging.manager=org.apache.juli.ClassLoaderLogManager
09-Jan-2021 14:47:43.611 信息 [main] org.apache.catalina.startup.VersionLoggerListener.log 命令行参数：       -Djdk.tls.ephemeralDHKeySize=2048
09-Jan-2021 14:47:43.612 信息 [main] org.apache.catalina.startup.VersionLoggerListener.log 命令行参数：       -Djava.protocol.handler.pkgs=org.apache.catalina.webresources
09-Jan-2021 14:47:43.612 信息 [main] org.apache.catalina.startup.VersionLoggerListener.log 命令行参数：       -Dignore.endorsed.dirs=
09-Jan-2021 14:47:43.613 信息 [main] org.apache.catalina.startup.VersionLoggerListener.log 命令行参数：       -Dcatalina.base=D:\Git\course-managing-system\apache-tomcat-8.5.61
09-Jan-2021 14:47:43.613 信息 [main] org.apache.catalina.startup.VersionLoggerListener.log 命令行参数：       -Dcatalina.home=D:\Git\course-managing-system\apache-tomcat-8.5.61
09-Jan-2021 14:47:43.613 信息 [main] org.apache.catalina.startup.VersionLoggerListener.log 命令行参数：       -Djava.io.tmpdir=D:\Git\course-managing-system\apache-tomcat-8.5.61\temp
09-Jan-2021 14:47:43.614 信息 [main] org.apache.catalina.core.AprLifecycleListener.lifecycleEvent 使用APR版本[1.7.0]加载了基于APR的Apache Tomcat本机库[1.2.25]。
09-Jan-2021 14:47:43.614 信息 [main] org.apache.catalina.core.AprLifecycleListener.lifecycleEvent APR功能：IPv6[true]、sendfile[true]、accept filters[false]、random[true]。
09-Jan-2021 14:47:43.614 信息 [main] org.apache.catalina.core.AprLifecycleListener.lifecycleEvent APR/OpenSSL配置：useAprConnector[false]，useOpenSSL[true]
09-Jan-2021 14:47:43.620 信息 [main] org.apache.catalina.core.AprLifecycleListener.initializeSSL OpenSSL成功初始化 [OpenSSL 1.1.1g  21 Apr 2020]
09-Jan-2021 14:47:43.656 信息 [main] org.apache.coyote.AbstractProtocol.init 初始化协议处理器 ["http-nio-8080"]
09-Jan-2021 14:47:44.199 信息 [main] org.apache.tomcat.util.net.NioSelectorPool.getSharedSelector Using a shared selector for servlet write/read
09-Jan-2021 14:47:44.210 信息 [main] org.apache.catalina.startup.Catalina.load Initialization processed in 1005 ms
09-Jan-2021 14:47:44.252 信息 [main] org.apache.catalina.core.StandardService.startInternal 正在启动服务[Catalina]
09-Jan-2021 14:47:44.253 信息 [main] org.apache.catalina.core.StandardEngine.startInternal Starting Servlet Engine: Apache Tomcat/8.5.61
09-Jan-2021 14:47:44.265 信息 [localhost-startStop-1] org.apache.catalina.startup.HostConfig.deployDescriptor 正在部署部署描述符[D:\Git\course-managing-system\apache-tomcat-8.5.61\conf\Catalina\localhost\testdoc.xml]。
09-Jan-2021 14:47:44.389 警告 [localhost-startStop-1] org.apache.tomcat.util.descriptor.web.WebXml.setVersion 未知版本字符串 [4.0]。将使用默认版本。
09-Jan-2021 14:47:44.806 信息 [localhost-startStop-1] org.apache.jasper.servlet.TldScanner.scanJars 至少有一个JAR被扫描用于TLD但尚未包含TLD。 为此记录器启用调试日志记录，以获取已扫描但未在其中找到TLD的完整JAR列表。 在扫描期间跳过不需要的JAR可以缩短启动时间和JSP编译时间。
09-Jan-2021 14:47:45.334 警告 [localhost-startStop-1] org.apache.catalina.util.SessionIdGeneratorBase.createSecureRandom 使用[SHA1PRNG]创建会话ID生成的SecureRandom实例花费了[510]毫秒。
09-Jan-2021 14:47:45.349 信息 [localhost-startStop-1] org.apache.catalina.startup.HostConfig.deployDescriptor 部署描述符[D:\Git\course-managing-system\apache-tomcat-8.5.61\conf\Catalina\localhost\testdoc.xml]的部署已在[1,084]ms内完成
09-Jan-2021 14:47:45.353 信息 [main] org.apache.coyote.AbstractProtocol.start 开始协议处理句柄["http-nio-8080"]
09-Jan-2021 14:47:45.365 信息 [main] org.apache.catalina.startup.Catalina.start Server startup in 1155 ms
09-Jan-2021 14:47:45.372 严重 [main] org.apache.catalina.core.StandardServer.await StandardServer.await: create[localhost:8005]: 
	java.net.BindException: Address already in use: NET_Bind
		at java.base/java.net.PlainSocketImpl.bind0(Native Method)
		at java.base/java.net.PlainSocketImpl.socketBind(PlainSocketImpl.java:132)
		at java.base/java.net.AbstractPlainSocketImpl.bind(AbstractPlainSocketImpl.java:436)
		at java.base/java.net.ServerSocket.bind(ServerSocket.java:381)
		at java.base/java.net.ServerSocket.<init>(ServerSocket.java:243)
		at org.apache.catalina.core.StandardServer.await(StandardServer.java:421)
		at org.apache.catalina.startup.Catalina.await(Catalina.java:776)
		at org.apache.catalina.startup.Catalina.start(Catalina.java:722)
		at java.base/jdk.internal.reflect.NativeMethodAccessorImpl.invoke0(Native Method)
		at java.base/jdk.internal.reflect.NativeMethodAccessorImpl.invoke(NativeMethodAccessorImpl.java:62)
		at java.base/jdk.internal.reflect.DelegatingMethodAccessorImpl.invoke(DelegatingMethodAccessorImpl.java:43)
		at java.base/java.lang.reflect.Method.invoke(Method.java:566)
		at org.apache.catalina.startup.Bootstrap.start(Bootstrap.java:342)
		at org.apache.catalina.startup.Bootstrap.main(Bootstrap.java:473)
09-Jan-2021 14:47:45.374 信息 [main] org.apache.coyote.AbstractProtocol.pause 暂停ProtocolHandler["http-nio-8080"]
09-Jan-2021 14:47:45.897 信息 [main] org.apache.catalina.core.StandardService.stopInternal 正在停止服务[Catalina]
09-Jan-2021 14:47:45.905 信息 [main] org.apache.coyote.AbstractProtocol.stop 正在停止ProtocolHandler ["http-nio-8080"]
09-Jan-2021 14:47:45.908 信息 [main] org.apache.coyote.AbstractProtocol.destroy 正在摧毁协议处理器 ["http-nio-8080"]
09-Jan-2021 14:47:50.617 严重 [main] org.apache.catalina.startup.Catalina.stopServer Could not contact [localhost:8005]. Tomcat may not be running.
09-Jan-2021 14:56:10.826 信息 [main] org.apache.catalina.startup.VersionLoggerListener.log Server.服务器版本: Apache Tomcat/8.5.61
09-Jan-2021 14:56:10.841 信息 [main] org.apache.catalina.startup.VersionLoggerListener.log 服务器构建:        Dec 3 2020 14:03:28 UTC
09-Jan-2021 14:56:10.841 信息 [main] org.apache.catalina.startup.VersionLoggerListener.log 服务器版本号:      8.5.61.0
09-Jan-2021 14:56:10.841 信息 [main] org.apache.catalina.startup.VersionLoggerListener.log 操作系统名称:      Windows 10
09-Jan-2021 14:56:10.841 信息 [main] org.apache.catalina.startup.VersionLoggerListener.log OS.版本:           10.0
09-Jan-2021 14:56:10.841 信息 [main] org.apache.catalina.startup.VersionLoggerListener.log 架构:              amd64
09-Jan-2021 14:56:10.841 信息 [main] org.apache.catalina.startup.VersionLoggerListener.log Java 环境变量:     D:\Program Files\Java\jdk-11.0.8
09-Jan-2021 14:56:10.841 信息 [main] org.apache.catalina.startup.VersionLoggerListener.log Java虚拟机版本:    11.0.8+10-LTS
09-Jan-2021 14:56:10.841 信息 [main] org.apache.catalina.startup.VersionLoggerListener.log JVM.供应商:        Oracle Corporation
09-Jan-2021 14:56:10.841 信息 [main] org.apache.catalina.startup.VersionLoggerListener.log CATALINA_BASE:     D:\Git\course-managing-system\apache-tomcat-8.5.61
09-Jan-2021 14:56:10.841 信息 [main] org.apache.catalina.startup.VersionLoggerListener.log CATALINA_HOME:     D:\Git\course-managing-system\apache-tomcat-8.5.61
09-Jan-2021 14:56:10.857 信息 [main] org.apache.catalina.startup.VersionLoggerListener.log 命令行参数：       --add-opens=java.base/java.lang=ALL-UNNAMED
09-Jan-2021 14:56:10.857 信息 [main] org.apache.catalina.startup.VersionLoggerListener.log 命令行参数：       --add-opens=java.base/java.io=ALL-UNNAMED
09-Jan-2021 14:56:10.857 信息 [main] org.apache.catalina.startup.VersionLoggerListener.log 命令行参数：       --add-opens=java.rmi/sun.rmi.transport=ALL-UNNAMED
09-Jan-2021 14:56:10.857 信息 [main] org.apache.catalina.startup.VersionLoggerListener.log 命令行参数：       -Djava.util.logging.config.file=D:\Git\course-managing-system\apache-tomcat-8.5.61\conf\logging.properties
09-Jan-2021 14:56:10.857 信息 [main] org.apache.catalina.startup.VersionLoggerListener.log 命令行参数：       -Djava.util.logging.manager=org.apache.juli.ClassLoaderLogManager
09-Jan-2021 14:56:10.857 信息 [main] org.apache.catalina.startup.VersionLoggerListener.log 命令行参数：       -Djdk.tls.ephemeralDHKeySize=2048
09-Jan-2021 14:56:10.857 信息 [main] org.apache.catalina.startup.VersionLoggerListener.log 命令行参数：       -Djava.protocol.handler.pkgs=org.apache.catalina.webresources
09-Jan-2021 14:56:10.857 信息 [main] org.apache.catalina.startup.VersionLoggerListener.log 命令行参数：       -Dignore.endorsed.dirs=
09-Jan-2021 14:56:10.857 信息 [main] org.apache.catalina.startup.VersionLoggerListener.log 命令行参数：       -Dcatalina.base=D:\Git\course-managing-system\apache-tomcat-8.5.61
09-Jan-2021 14:56:10.857 信息 [main] org.apache.catalina.startup.VersionLoggerListener.log 命令行参数：       -Dcatalina.home=D:\Git\course-managing-system\apache-tomcat-8.5.61
09-Jan-2021 14:56:10.857 信息 [main] org.apache.catalina.startup.VersionLoggerListener.log 命令行参数：       -Djava.io.tmpdir=D:\Git\course-managing-system\apache-tomcat-8.5.61\temp
09-Jan-2021 14:56:10.857 信息 [main] org.apache.catalina.core.AprLifecycleListener.lifecycleEvent 使用APR版本[1.7.0]加载了基于APR的Apache Tomcat本机库[1.2.25]。
09-Jan-2021 14:56:10.857 信息 [main] org.apache.catalina.core.AprLifecycleListener.lifecycleEvent APR功能：IPv6[true]、sendfile[true]、accept filters[false]、random[true]。
09-Jan-2021 14:56:10.857 信息 [main] org.apache.catalina.core.AprLifecycleListener.lifecycleEvent APR/OpenSSL配置：useAprConnector[false]，useOpenSSL[true]
09-Jan-2021 14:56:10.888 信息 [main] org.apache.catalina.core.AprLifecycleListener.initializeSSL OpenSSL成功初始化 [OpenSSL 1.1.1g  21 Apr 2020]
09-Jan-2021 14:56:10.935 信息 [main] org.apache.coyote.AbstractProtocol.init 初始化协议处理器 ["http-nio-8080"]
09-Jan-2021 14:56:11.560 信息 [main] org.apache.tomcat.util.net.NioSelectorPool.getSharedSelector Using a shared selector for servlet write/read
09-Jan-2021 14:56:11.575 信息 [main] org.apache.catalina.startup.Catalina.load Initialization processed in 1684 ms
09-Jan-2021 14:56:11.653 信息 [main] org.apache.catalina.core.StandardService.startInternal 正在启动服务[Catalina]
09-Jan-2021 14:56:11.653 信息 [main] org.apache.catalina.core.StandardEngine.startInternal Starting Servlet Engine: Apache Tomcat/8.5.61
09-Jan-2021 14:56:11.685 信息 [localhost-startStop-1] org.apache.catalina.startup.HostConfig.deployDescriptor 正在部署部署描述符[D:\Git\course-managing-system\apache-tomcat-8.5.61\conf\Catalina\localhost\testdoc.xml]。
09-Jan-2021 14:56:12.028 警告 [localhost-startStop-1] org.apache.tomcat.util.descriptor.web.WebXml.setVersion 未知版本字符串 [4.0]。将使用默认版本。
09-Jan-2021 14:56:12.825 信息 [localhost-startStop-1] org.apache.jasper.servlet.TldScanner.scanJars 至少有一个JAR被扫描用于TLD但尚未包含TLD。 为此记录器启用调试日志记录，以获取已扫描但未在其中找到TLD的完整JAR列表。 在扫描期间跳过不需要的JAR可以缩短启动时间和JSP编译时间。
09-Jan-2021 14:56:13.435 警告 [localhost-startStop-1] org.apache.catalina.util.SessionIdGeneratorBase.createSecureRandom 使用[SHA1PRNG]创建会话ID生成的SecureRandom实例花费了[532]毫秒。
09-Jan-2021 14:56:13.482 信息 [localhost-startStop-1] org.apache.catalina.startup.HostConfig.deployDescriptor 部署描述符[D:\Git\course-managing-system\apache-tomcat-8.5.61\conf\Catalina\localhost\testdoc.xml]的部署已在[1,797]ms内完成
09-Jan-2021 14:56:13.482 信息 [main] org.apache.coyote.AbstractProtocol.start 开始协议处理句柄["http-nio-8080"]
09-Jan-2021 14:56:13.498 信息 [main] org.apache.catalina.startup.Catalina.start Server startup in 1923 ms
09-Jan-2021 14:56:46.076 严重 [main] org.apache.catalina.startup.Catalina.stopServer Could not contact [localhost:8005]. Tomcat may not be running.
09-Jan-2021 14:58:21.685 信息 [main] org.apache.catalina.startup.VersionLoggerListener.log Server.服务器版本: Apache Tomcat/8.5.61
09-Jan-2021 14:58:21.685 信息 [main] org.apache.catalina.startup.VersionLoggerListener.log 服务器构建:        Dec 3 2020 14:03:28 UTC
09-Jan-2021 14:58:21.701 信息 [main] org.apache.catalina.startup.VersionLoggerListener.log 服务器版本号:      8.5.61.0
09-Jan-2021 14:58:21.701 信息 [main] org.apache.catalina.startup.VersionLoggerListener.log 操作系统名称:      Windows 10
09-Jan-2021 14:58:21.701 信息 [main] org.apache.catalina.startup.VersionLoggerListener.log OS.版本:           10.0
09-Jan-2021 14:58:21.701 信息 [main] org.apache.catalina.startup.VersionLoggerListener.log 架构:              amd64
09-Jan-2021 14:58:21.701 信息 [main] org.apache.catalina.startup.VersionLoggerListener.log Java 环境变量:     D:\Program Files\Java\jdk-11.0.8
09-Jan-2021 14:58:21.701 信息 [main] org.apache.catalina.startup.VersionLoggerListener.log Java虚拟机版本:    11.0.8+10-LTS
09-Jan-2021 14:58:21.701 信息 [main] org.apache.catalina.startup.VersionLoggerListener.log JVM.供应商:        Oracle Corporation
09-Jan-2021 14:58:21.701 信息 [main] org.apache.catalina.startup.VersionLoggerListener.log CATALINA_BASE:     D:\Git\course-managing-system\apache-tomcat-8.5.61
09-Jan-2021 14:58:21.701 信息 [main] org.apache.catalina.startup.VersionLoggerListener.log CATALINA_HOME:     D:\Git\course-managing-system\apache-tomcat-8.5.61
09-Jan-2021 14:58:21.701 信息 [main] org.apache.catalina.startup.VersionLoggerListener.log 命令行参数：       --add-opens=java.base/java.lang=ALL-UNNAMED
09-Jan-2021 14:58:21.701 信息 [main] org.apache.catalina.startup.VersionLoggerListener.log 命令行参数：       --add-opens=java.base/java.io=ALL-UNNAMED
09-Jan-2021 14:58:21.701 信息 [main] org.apache.catalina.startup.VersionLoggerListener.log 命令行参数：       --add-opens=java.rmi/sun.rmi.transport=ALL-UNNAMED
09-Jan-2021 14:58:21.701 信息 [main] org.apache.catalina.startup.VersionLoggerListener.log 命令行参数：       -Djava.util.logging.config.file=D:\Git\course-managing-system\apache-tomcat-8.5.61\conf\logging.properties
09-Jan-2021 14:58:21.701 信息 [main] org.apache.catalina.startup.VersionLoggerListener.log 命令行参数：       -Djava.util.logging.manager=org.apache.juli.ClassLoaderLogManager
09-Jan-2021 14:58:21.701 信息 [main] org.apache.catalina.startup.VersionLoggerListener.log 命令行参数：       -Djdk.tls.ephemeralDHKeySize=2048
09-Jan-2021 14:58:21.701 信息 [main] org.apache.catalina.startup.VersionLoggerListener.log 命令行参数：       -Djava.protocol.handler.pkgs=org.apache.catalina.webresources
09-Jan-2021 14:58:21.701 信息 [main] org.apache.catalina.startup.VersionLoggerListener.log 命令行参数：       -Dignore.endorsed.dirs=
09-Jan-2021 14:58:21.701 信息 [main] org.apache.catalina.startup.VersionLoggerListener.log 命令行参数：       -Dcatalina.base=D:\Git\course-managing-system\apache-tomcat-8.5.61
09-Jan-2021 14:58:21.701 信息 [main] org.apache.catalina.startup.VersionLoggerListener.log 命令行参数：       -Dcatalina.home=D:\Git\course-managing-system\apache-tomcat-8.5.61
09-Jan-2021 14:58:21.701 信息 [main] org.apache.catalina.startup.VersionLoggerListener.log 命令行参数：       -Djava.io.tmpdir=D:\Git\course-managing-system\apache-tomcat-8.5.61\temp
09-Jan-2021 14:58:21.701 信息 [main] org.apache.catalina.core.AprLifecycleListener.lifecycleEvent 使用APR版本[1.7.0]加载了基于APR的Apache Tomcat本机库[1.2.25]。
09-Jan-2021 14:58:21.701 信息 [main] org.apache.catalina.core.AprLifecycleListener.lifecycleEvent APR功能：IPv6[true]、sendfile[true]、accept filters[false]、random[true]。
09-Jan-2021 14:58:21.701 信息 [main] org.apache.catalina.core.AprLifecycleListener.lifecycleEvent APR/OpenSSL配置：useAprConnector[false]，useOpenSSL[true]
09-Jan-2021 14:58:21.701 信息 [main] org.apache.catalina.core.AprLifecycleListener.initializeSSL OpenSSL成功初始化 [OpenSSL 1.1.1g  21 Apr 2020]
09-Jan-2021 14:58:21.748 信息 [main] org.apache.coyote.AbstractProtocol.init 初始化协议处理器 ["http-nio-8080"]
09-Jan-2021 14:58:22.357 信息 [main] org.apache.tomcat.util.net.NioSelectorPool.getSharedSelector Using a shared selector for servlet write/read
09-Jan-2021 14:58:22.357 信息 [main] org.apache.catalina.startup.Catalina.load Initialization processed in 1124 ms
09-Jan-2021 14:58:22.404 信息 [main] org.apache.catalina.core.StandardService.startInternal 正在启动服务[Catalina]
09-Jan-2021 14:58:22.404 信息 [main] org.apache.catalina.core.StandardEngine.startInternal Starting Servlet Engine: Apache Tomcat/8.5.61
09-Jan-2021 14:58:22.419 信息 [localhost-startStop-1] org.apache.catalina.startup.HostConfig.deployDescriptor 正在部署部署描述符[D:\Git\course-managing-system\apache-tomcat-8.5.61\conf\Catalina\localhost\testdoc.xml]。
09-Jan-2021 14:58:22.576 警告 [localhost-startStop-1] org.apache.tomcat.util.descriptor.web.WebXml.setVersion 未知版本字符串 [4.0]。将使用默认版本。
09-Jan-2021 14:58:23.044 信息 [localhost-startStop-1] org.apache.jasper.servlet.TldScanner.scanJars 至少有一个JAR被扫描用于TLD但尚未包含TLD。 为此记录器启用调试日志记录，以获取已扫描但未在其中找到TLD的完整JAR列表。 在扫描期间跳过不需要的JAR可以缩短启动时间和JSP编译时间。
09-Jan-2021 14:58:23.718 警告 [localhost-startStop-1] org.apache.catalina.util.SessionIdGeneratorBase.createSecureRandom 使用[SHA1PRNG]创建会话ID生成的SecureRandom实例花费了[658]毫秒。
09-Jan-2021 14:58:23.733 信息 [localhost-startStop-1] org.apache.catalina.startup.HostConfig.deployDescriptor 部署描述符[D:\Git\course-managing-system\apache-tomcat-8.5.61\conf\Catalina\localhost\testdoc.xml]的部署已在[1,314]ms内完成
09-Jan-2021 14:58:23.733 信息 [main] org.apache.coyote.AbstractProtocol.start 开始协议处理句柄["http-nio-8080"]
09-Jan-2021 14:58:23.749 信息 [main] org.apache.catalina.startup.Catalina.start Server startup in 1386 ms
09-Jan-2021 14:59:46.720 严重 [main] org.apache.catalina.startup.Catalina.stopServer Could not contact [localhost:8005]. Tomcat may not be running.
